[Error: /home/kimmj8409/Myweb_front_end/node_modules/mongoose/node_modules/mongodb/node_modules/bson/build/Release/bson.node: invalid ELF header]
js-bson: Failed to load c++ bson extension, using pure JS version
App listening on port 8080
file uploaded
{ fieldname: 'fileUpload',
  originalname: 'data.n3',
  encoding: 'binary',
  mimetype: 'null',
  destination: '/home/kimmj8409/Myweb_front_end/',
  filename: 'data.n3',
  path: '/home/kimmj8409/Myweb_front_end/data.n3',
  size: 403 }
Tue, 06 Dec 2016 05:46:50 GMT express deprecated res.send(status): Use res.status(status).end() instead at server.js:307:7
[0mPOST /upload [32m200 [0m22.364 ms - 2[0m
file uploaded
{ fieldname: 'fileUpload',
  originalname: 'data.n3',
  encoding: 'binary',
  mimetype: 'null',
  destination: '/home/kimmj8409/Myweb_front_end/',
  filename: 'data.n3',
  path: '/home/kimmj8409/Myweb_front_end/data.n3',
  size: 427 }
[0mPOST /upload [32m200 [0m5.538 ms - 2[0m
/query.n3 accessed
Tue, 06 Dec 2016 05:47:04 GMT express deprecated res.sendfile: Use res.sendFile instead at server.js:288:7
/query.n3 accessed
Tue, 06 Dec 2016 05:47:04 GMT express deprecated res.sendfile: Use res.sendFile instead at server.js:282:7
/data.n3 accessed
[0mGET /query.n3 [32m200 [0m7.014 ms - 777[0m
[0mGET /data.n3 [32m200 [0m4.436 ms - 427[0m

events.js:72
        throw er; // Unhandled 'error' event
              ^
Error: connection closed
    at null.<anonymous> (/home/kimmj8409/Myweb_front_end/node_modules/mongoose/node_modules/mongodb/lib/mongodb/connection/server.js:607:24)
    at emit (events.js:92:17)
    at null.<anonymous> (/home/kimmj8409/Myweb_front_end/node_modules/mongoose/node_modules/mongodb/lib/mongodb/connection/connection_pool.js:171:15)
    at emit (events.js:98:17)
    at Socket.<anonymous> (/home/kimmj8409/Myweb_front_end/node_modules/mongoose/node_modules/mongodb/lib/mongodb/connection/connection.js:550:12)
    at Socket.emit (events.js:95:17)
    at TCP.close (net.js:465:12)
